{"/Users/daniel/Downloads/code/tdjsa/tdd/server/palindrome/src/palindrome.js":{"path":"/Users/daniel/Downloads/code/tdjsa/tdd/server/palindrome/src/palindrome.js","s":{"1":1,"2":8,"3":1,"4":7},"b":{"1":[1,7],"2":[7,5]},"f":{},"fnMap":{},"statementMap":{"1":{"start":{"line":1,"column":0},"end":{"line":8,"column":2}},"2":{"start":{"line":2,"column":2},"end":{"line":4,"column":3}},"3":{"start":{"line":3,"column":4},"end":{"line":3,"column":40}},"4":{"start":{"line":5,"column":2},"end":{"line":7,"column":4}}},"branchMap":{"1":{"line":2,"type":"if","locations":[{"start":{"line":2,"column":2},"end":{"line":2,"column":2}},{"start":{"line":2,"column":2},"end":{"line":2,"column":2}}]},"2":{"line":6,"type":"binary-expr","locations":[{"start":{"line":6,"column":4},"end":{"line":6,"column":28}},{"start":{"line":6,"column":32},"end":{"line":6,"column":78}}]}}}}